04.05.23 16:10:29.196 ------------------------------------------------------------------------------------
04.05.23 16:10:29.197 Programmstart Live Standalone 3.1.4.5
04.05.23 16:10:29.197 Programmpfad: C:\Users\Chanpreet\Workspace\ZVT\EasyZVT\EasyZVT.exe
04.05.23 16:10:29.197 Eingabedatei: 
04.05.23 16:10:29.198 Parameterstring: 
04.05.23 16:10:29.198 Hostname:     DESKTOP-D9GALTQ
04.05.23 16:10:29.198 Kasse-Nr.:    1
04.05.23 16:10:29.199 COM:          LAN
04.05.23 16:10:29.199 ComSpeed:     9600
04.05.23 16:10:29.199 ComStop:      1
04.05.23 16:10:29.199 IP:           192.168.0.133
04.05.23 16:10:29.200 Port:         5577
04.05.23 16:10:29.200 PortKasse:    4102
04.05.23 16:10:29.201 Passwort:     000000
04.05.23 16:10:29.201 Betrag:       0
04.05.23 16:10:29.201 Cashback:     0
04.05.23 16:10:29.201 PIN:          0
04.05.23 16:10:29.202 Kassedruck:   1
04.05.23 16:10:29.202 Funktion:     0
04.05.23 16:10:29.202 Protokollpfad:C:\Users\Chanpreet\Workspace\Einzel-Master\protocol
04.05.23 16:10:29.203 Ausgabepfad:  C:\Users\Chanpreet\Workspace\Einzel-Master\result
04.05.23 16:10:29.203 Dialog:       1
04.05.23 16:10:29.203 Typ:          0
04.05.23 16:10:29.203 Abmelden:     0
04.05.23 16:10:29.204 Lizenz:       
04.05.23 16:10:29.204 Original:     1
04.05.23 16:10:29.204 Diag:         1
04.05.23 16:10:29.205 Alter:        0
04.05.23 16:10:29.205 CCV:          
04.05.23 16:10:29.205 Sperre:       0
04.05.23 16:10:29.206 Sprache:      DE
04.05.23 16:10:29.206 Währung:      EUR
04.05.23 16:10:29.206 Flottenk.-Typ:1
04.05.23 16:10:29.207 Tip:          0
04.05.23 16:10:29.207 Trinkgeld:    0
04.05.23 16:10:29.207 Freitext:     
04.05.23 16:10:29.208 WWRef:        
04.05.23 16:10:29.208 WWVerf:       0
04.05.23 16:10:29.208 Secucard:     0
04.05.23 16:10:29.209 Warenautomat: 0
04.05.23 16:10:29.209 Verfahren:    0
04.05.23 16:10:29.210 Breite:       0
04.05.23 16:10:29.210 Reconnect:    5000
04.05.23 16:10:29.210 ReadTimeout:  30
04.05.23 16:10:29.229 Prüfe Internetverbindung 81.169.145.144
04.05.23 16:10:29.261 Internet ok 30 ms
04.05.23 16:10:29.298 ------- Connect async ------------
04.05.23 16:10:29.320 Initialisiere Verbindung LAN/WLAN auf 192.168.0.133
04.05.23 16:10:29.345 IP-Info lokal 192.168.0.173(255.255.255.0) Subnetz: 192.168.0.0.
04.05.23 16:10:29.346 IP-Info Gerät 192.168.0.133(255.255.255.0) Subnetz: 192.168.0.0.
04.05.23 16:10:29.482 Gerät im gleichen Subnetz. Prüfe MAC 192.168.0.133: 38-EF-E3-3B-A9-E0
04.05.23 16:10:29.482 Ping 192.168.0.133
04.05.23 16:10:29.514 Ping ok 31 ms
04.05.23 16:10:29.515 Verbinde mit Timeout für IP Connect 20 s
04.05.23 16:10:29.532 Connect erfolgt, prüfe Verbindungsstatus
04.05.23 16:10:29.533 Terminal erkannt an IP 192.168.0.133 Port 5577
04.05.23 16:10:29.546 ------- Anmeldung async -------
04.05.23 16:10:29.568 Receive TCP Timeout 20 s
04.05.23 16:10:29.987 Receive TCP Timeout 20 s
04.05.23 16:10:29.990 Transport-Abschluss OK 06 0F erhalten
04.05.23 16:10:30.043 Datenlänge: 16
04.05.23 16:10:30.044 29 TID: 68270011
04.05.23 16:10:30.044 49 Währung: 09 78
04.05.23 16:10:30.062 0A Erlaubtes TLV-Tag: 06 D3 Blockdruck
04.05.23 16:10:30.070 --------Statusabfrage sync--------
04.05.23 16:10:30.071 Receive TCP Timeout 20 s
04.05.23 16:10:30.724 Receive TCP Timeout 20 s
04.05.23 16:10:30.787 Transport-Abschluss OK 06 0F erhalten
04.05.23 16:10:30.788 LLLvar standard
04.05.23 16:10:30.788 LLL varlen = 17
04.05.23 16:10:30.788 Statusbyte: 00
04.05.23 16:10:30.789 Status: BZT bereit
04.05.23 16:10:30.789 BZT-SW-Version: 150635a M VOB REA
04.05.23 16:10:30.789 Gerätetyp: unbekannt
04.05.23 16:10:30.790 BZT bereit
04.05.23 16:10:30.820 ----- Lizenzcheck -----------
04.05.23 16:10:30.820 Test-Lizenz Betrag 0
04.05.23 16:10:30.823 Fehler: Betrag erforderlich
04.05.23 16:10:30.872 Application Exit
04.05.23 16:10:30.874 Disconnect
04.05.23 16:12:07.370 ------------------------------------------------------------------------------------
04.05.23 16:12:07.370 Programmstart Live Standalone 3.1.4.5
04.05.23 16:12:07.370 Programmpfad: C:\Users\Chanpreet\Workspace\ZVT\EasyZVT\EasyZVT.exe
04.05.23 16:12:07.371 Eingabedatei: 
04.05.23 16:12:07.371 Parameterstring: 
04.05.23 16:12:07.371 Hostname:     DESKTOP-D9GALTQ
04.05.23 16:12:07.372 Kasse-Nr.:    1
04.05.23 16:12:07.372 COM:          LAN
04.05.23 16:12:07.372 ComSpeed:     9600
04.05.23 16:12:07.373 ComStop:      1
04.05.23 16:12:07.373 IP:           192.168.0.133
04.05.23 16:12:07.374 Port:         5577
04.05.23 16:12:07.374 PortKasse:    4102
04.05.23 16:12:07.374 Passwort:     000000
04.05.23 16:12:07.375 Betrag:       0
04.05.23 16:12:07.375 Cashback:     0
04.05.23 16:12:07.376 PIN:          0
04.05.23 16:12:07.376 Kassedruck:   1
04.05.23 16:12:07.376 Funktion:     0
04.05.23 16:12:07.376 Protokollpfad:C:\Users\Chanpreet\Workspace\Einzel-Master\protocol
04.05.23 16:12:07.377 Ausgabepfad:  C:\Users\Chanpreet\Workspace\Einzel-Master\result
04.05.23 16:12:07.377 Dialog:       1
04.05.23 16:12:07.378 Typ:          0
04.05.23 16:12:07.378 Abmelden:     0
04.05.23 16:12:07.379 Lizenz:       
04.05.23 16:12:07.379 Original:     1
04.05.23 16:12:07.379 Diag:         1
04.05.23 16:12:07.380 Alter:        0
04.05.23 16:12:07.380 CCV:          
04.05.23 16:12:07.380 Sperre:       0
04.05.23 16:12:07.381 Sprache:      DE
04.05.23 16:12:07.381 Währung:      EUR
04.05.23 16:12:07.382 Flottenk.-Typ:1
04.05.23 16:12:07.382 Tip:          0
04.05.23 16:12:07.383 Trinkgeld:    0
04.05.23 16:12:07.383 Freitext:     
04.05.23 16:12:07.383 WWRef:        
04.05.23 16:12:07.384 WWVerf:       0
04.05.23 16:12:07.384 Secucard:     0
04.05.23 16:12:07.384 Warenautomat: 0
04.05.23 16:12:07.385 Verfahren:    0
04.05.23 16:12:07.385 Breite:       0
04.05.23 16:12:07.386 Reconnect:    5000
04.05.23 16:12:07.386 ReadTimeout:  30
04.05.23 16:12:07.409 Prüfe Internetverbindung 81.169.145.144
04.05.23 16:12:07.441 Internet ok 30 ms
04.05.23 16:12:07.486 ------- Connect async ------------
04.05.23 16:12:07.510 Initialisiere Verbindung LAN/WLAN auf 192.168.0.133
04.05.23 16:12:07.534 IP-Info lokal 192.168.0.173(255.255.255.0) Subnetz: 192.168.0.0.
04.05.23 16:12:07.534 IP-Info Gerät 192.168.0.133(255.255.255.0) Subnetz: 192.168.0.0.
04.05.23 16:12:07.673 Gerät im gleichen Subnetz. Prüfe MAC 192.168.0.133: 38-EF-E3-3B-A9-E0
04.05.23 16:12:07.673 Ping 192.168.0.133
04.05.23 16:12:07.718 Ping ok 43 ms
04.05.23 16:12:07.718 Verbinde mit Timeout für IP Connect 20 s
04.05.23 16:12:07.735 Connect erfolgt, prüfe Verbindungsstatus
04.05.23 16:12:07.735 Terminal erkannt an IP 192.168.0.133 Port 5577
04.05.23 16:12:07.765 ------- Anmeldung async -------
04.05.23 16:12:07.791 Receive TCP Timeout 20 s
04.05.23 16:12:08.187 Receive TCP Timeout 20 s
04.05.23 16:12:08.198 Transport-Abschluss OK 06 0F erhalten
04.05.23 16:12:08.225 Datenlänge: 16
04.05.23 16:12:08.226 29 TID: 68270011
04.05.23 16:12:08.226 49 Währung: 09 78
04.05.23 16:12:08.245 0A Erlaubtes TLV-Tag: 06 D3 Blockdruck
04.05.23 16:12:08.260 --------Statusabfrage sync--------
04.05.23 16:12:08.261 Receive TCP Timeout 20 s
04.05.23 16:12:08.925 Receive TCP Timeout 20 s
04.05.23 16:12:08.979 Transport-Abschluss OK 06 0F erhalten
04.05.23 16:12:08.979 LLLvar standard
04.05.23 16:12:08.979 LLL varlen = 17
04.05.23 16:12:08.980 Statusbyte: 00
04.05.23 16:12:08.980 Status: BZT bereit
04.05.23 16:12:08.981 BZT-SW-Version: 150635a M VOB REA
04.05.23 16:12:08.982 Gerätetyp: unbekannt
04.05.23 16:12:08.982 BZT bereit
04.05.23 16:12:09.015 ----- Lizenzcheck -----------
04.05.23 16:12:09.015 Test-Lizenz Betrag 0
04.05.23 16:12:09.018 Fehler: Betrag erforderlich
04.05.23 16:12:09.069 Application Exit
04.05.23 16:12:09.071 Disconnect
04.05.23 16:23:09.301 ------------------------------------------------------------------------------------
04.05.23 16:23:09.302 Programmstart Live Standalone 3.1.4.5
04.05.23 16:23:09.302 Programmpfad: C:\Users\Chanpreet\Workspace\ZVT\EasyZVT\EasyZVT.exe
04.05.23 16:23:09.303 Eingabedatei: 
04.05.23 16:23:09.303 Parameterstring: 
04.05.23 16:23:09.303 Hostname:     DESKTOP-D9GALTQ
04.05.23 16:23:09.304 Kasse-Nr.:    1
04.05.23 16:23:09.304 COM:          LAN
04.05.23 16:23:09.304 ComSpeed:     9600
04.05.23 16:23:09.305 ComStop:      1
04.05.23 16:23:09.305 IP:           192.168.0.133
04.05.23 16:23:09.305 Port:         5577
04.05.23 16:23:09.306 PortKasse:    4102
04.05.23 16:23:09.306 Passwort:     000000
04.05.23 16:23:09.307 Betrag:       0
04.05.23 16:23:09.307 Cashback:     0
04.05.23 16:23:09.307 PIN:          0
04.05.23 16:23:09.308 Kassedruck:   1
04.05.23 16:23:09.308 Funktion:     0
04.05.23 16:23:09.308 Protokollpfad:C:\Users\Chanpreet\Workspace\Einzel-Master\protocol
04.05.23 16:23:09.309 Ausgabepfad:  C:\Users\Chanpreet\Workspace\Einzel-Master\result
04.05.23 16:23:09.309 Dialog:       1
04.05.23 16:23:09.309 Typ:          0
04.05.23 16:23:09.310 Abmelden:     0
04.05.23 16:23:09.310 Lizenz:       
04.05.23 16:23:09.310 Original:     1
04.05.23 16:23:09.311 Diag:         1
04.05.23 16:23:09.311 Alter:        0
04.05.23 16:23:09.312 CCV:          
04.05.23 16:23:09.312 Sperre:       0
04.05.23 16:23:09.312 Sprache:      DE
04.05.23 16:23:09.313 Währung:      EUR
04.05.23 16:23:09.313 Flottenk.-Typ:1
04.05.23 16:23:09.313 Tip:          0
04.05.23 16:23:09.313 Trinkgeld:    0
04.05.23 16:23:09.314 Freitext:     
04.05.23 16:23:09.314 WWRef:        
04.05.23 16:23:09.314 WWVerf:       0
04.05.23 16:23:09.315 Secucard:     0
04.05.23 16:23:09.315 Warenautomat: 0
04.05.23 16:23:09.315 Verfahren:    0
04.05.23 16:23:09.316 Breite:       0
04.05.23 16:23:09.316 Reconnect:    5000
04.05.23 16:23:09.316 ReadTimeout:  30
04.05.23 16:23:09.336 Prüfe Internetverbindung 81.169.145.144
04.05.23 16:23:09.367 Internet ok 30 ms
04.05.23 16:23:09.406 ------- Connect async ------------
04.05.23 16:23:09.425 Initialisiere Verbindung LAN/WLAN auf 192.168.0.133
04.05.23 16:23:09.448 IP-Info lokal 192.168.0.173(255.255.255.0) Subnetz: 192.168.0.0.
04.05.23 16:23:09.448 IP-Info Gerät 192.168.0.133(255.255.255.0) Subnetz: 192.168.0.0.
04.05.23 16:23:09.584 Gerät im gleichen Subnetz. Prüfe MAC 192.168.0.133: 38-EF-E3-3B-A9-E0
04.05.23 16:23:09.584 Ping 192.168.0.133
04.05.23 16:23:09.635 Ping ok 50 ms
04.05.23 16:23:09.635 Verbinde mit Timeout für IP Connect 20 s
04.05.23 16:23:09.638 Connect erfolgt, prüfe Verbindungsstatus
04.05.23 16:23:09.639 Terminal erkannt an IP 192.168.0.133 Port 5577
04.05.23 16:23:09.652 ------- Anmeldung async -------
04.05.23 16:23:09.678 Receive TCP Timeout 20 s
04.05.23 16:23:10.077 Receive TCP Timeout 20 s
04.05.23 16:23:10.093 Transport-Abschluss OK 06 0F erhalten
04.05.23 16:23:10.135 Datenlänge: 16
04.05.23 16:23:10.136 29 TID: 68270011
04.05.23 16:23:10.136 49 Währung: 09 78
04.05.23 16:23:10.150 0A Erlaubtes TLV-Tag: 06 D3 Blockdruck
04.05.23 16:23:10.158 --------Statusabfrage sync--------
04.05.23 16:23:10.158 Receive TCP Timeout 20 s
04.05.23 16:23:10.287 Receive TCP Timeout 20 s
04.05.23 16:23:10.329 Transport-Abschluss OK 06 0F erhalten
04.05.23 16:23:10.329 LLLvar standard
04.05.23 16:23:10.329 LLL varlen = 17
04.05.23 16:23:10.330 Statusbyte: 00
04.05.23 16:23:10.330 Status: BZT bereit
04.05.23 16:23:10.330 BZT-SW-Version: 150635a M VOB REA
04.05.23 16:23:10.331 Gerätetyp: unbekannt
04.05.23 16:23:10.331 BZT bereit
04.05.23 16:23:10.350 ----- Lizenzcheck -----------
04.05.23 16:23:10.351 Test-Lizenz Betrag 0
04.05.23 16:23:10.353 Fehler: Betrag erforderlich
04.05.23 16:23:10.401 Application Exit
04.05.23 16:23:10.403 Disconnect
04.05.23 16:23:14.952 ------------------------------------------------------------------------------------
04.05.23 16:23:14.953 Programmstart Live Standalone 3.1.4.5
04.05.23 16:23:14.953 Programmpfad: C:\Users\Chanpreet\Workspace\ZVT\EasyZVT\EasyZVT.exe
04.05.23 16:23:14.953 Eingabedatei: 
04.05.23 16:23:14.954 Parameterstring: 
04.05.23 16:23:14.954 Hostname:     DESKTOP-D9GALTQ
04.05.23 16:23:14.954 Kasse-Nr.:    1
04.05.23 16:23:14.955 COM:          LAN
04.05.23 16:23:14.955 ComSpeed:     9600
04.05.23 16:23:14.955 ComStop:      1
04.05.23 16:23:14.956 IP:           192.168.0.133
04.05.23 16:23:14.956 Port:         5577
04.05.23 16:23:14.956 PortKasse:    4102
04.05.23 16:23:14.957 Passwort:     000000
04.05.23 16:23:14.957 Betrag:       0
04.05.23 16:23:14.957 Cashback:     0
04.05.23 16:23:14.958 PIN:          0
04.05.23 16:23:14.958 Kassedruck:   1
04.05.23 16:23:14.958 Funktion:     0
04.05.23 16:23:14.959 Protokollpfad:C:\Users\Chanpreet\Workspace\Einzel-Master\protocol
04.05.23 16:23:14.959 Ausgabepfad:  C:\Users\Chanpreet\Workspace\Einzel-Master\result
04.05.23 16:23:14.959 Dialog:       1
04.05.23 16:23:14.959 Typ:          0
04.05.23 16:23:14.960 Abmelden:     0
04.05.23 16:23:14.960 Lizenz:       
04.05.23 16:23:14.960 Original:     1
04.05.23 16:23:14.961 Diag:         1
04.05.23 16:23:14.961 Alter:        0
04.05.23 16:23:14.961 CCV:          
04.05.23 16:23:14.962 Sperre:       0
04.05.23 16:23:14.962 Sprache:      DE
04.05.23 16:23:14.962 Währung:      EUR
04.05.23 16:23:14.962 Flottenk.-Typ:1
04.05.23 16:23:14.963 Tip:          0
04.05.23 16:23:14.963 Trinkgeld:    0
04.05.23 16:23:14.964 Freitext:     
04.05.23 16:23:14.964 WWRef:        
04.05.23 16:23:14.964 WWVerf:       0
04.05.23 16:23:14.965 Secucard:     0
04.05.23 16:23:14.965 Warenautomat: 0
04.05.23 16:23:14.965 Verfahren:    0
04.05.23 16:23:14.966 Breite:       0
04.05.23 16:23:14.966 Reconnect:    5000
04.05.23 16:23:14.966 ReadTimeout:  30
04.05.23 16:23:14.987 Prüfe Internetverbindung 81.169.145.144
04.05.23 16:23:15.135 Internet ok 147 ms
04.05.23 16:23:15.198 ------- Connect async ------------
04.05.23 16:23:15.222 Initialisiere Verbindung LAN/WLAN auf 192.168.0.133
04.05.23 16:23:15.247 IP-Info lokal 192.168.0.173(255.255.255.0) Subnetz: 192.168.0.0.
04.05.23 16:23:15.248 IP-Info Gerät 192.168.0.133(255.255.255.0) Subnetz: 192.168.0.0.
04.05.23 16:23:15.277 Gerät im gleichen Subnetz. Prüfe MAC 192.168.0.133: 38-EF-E3-3B-A9-E0
04.05.23 16:23:15.277 Ping 192.168.0.133
04.05.23 16:23:15.285 Ping ok 6 ms
04.05.23 16:23:15.286 Verbinde mit Timeout für IP Connect 20 s
04.05.23 16:23:15.293 Connect erfolgt, prüfe Verbindungsstatus
04.05.23 16:23:15.294 Terminal erkannt an IP 192.168.0.133 Port 5577
04.05.23 16:23:15.307 ------- Anmeldung async -------
04.05.23 16:23:15.330 Receive TCP Timeout 20 s
04.05.23 16:23:15.703 Receive TCP Timeout 20 s
04.05.23 16:23:15.817 Transport-Abschluss OK 06 0F erhalten
04.05.23 16:23:15.860 Datenlänge: 16
04.05.23 16:23:15.861 29 TID: 68270011
04.05.23 16:23:15.861 49 Währung: 09 78
04.05.23 16:23:15.875 0A Erlaubtes TLV-Tag: 06 D3 Blockdruck
04.05.23 16:23:15.887 --------Statusabfrage sync--------
04.05.23 16:23:15.888 Receive TCP Timeout 20 s
04.05.23 16:23:16.030 Receive TCP Timeout 20 s
04.05.23 16:23:16.078 Transport-Abschluss OK 06 0F erhalten
04.05.23 16:23:16.078 LLLvar standard
04.05.23 16:23:16.079 LLL varlen = 17
04.05.23 16:23:16.079 Statusbyte: 00
04.05.23 16:23:16.079 Status: BZT bereit
04.05.23 16:23:16.080 BZT-SW-Version: 150635a M VOB REA
04.05.23 16:23:16.080 Gerätetyp: unbekannt
04.05.23 16:23:16.080 BZT bereit
04.05.23 16:23:16.096 ----- Lizenzcheck -----------
04.05.23 16:23:16.097 Test-Lizenz Betrag 0
04.05.23 16:23:16.100 Fehler: Betrag erforderlich
04.05.23 16:23:16.147 Application Exit
04.05.23 16:23:16.149 Disconnect
04.05.23 16:23:18.052 ------------------------------------------------------------------------------------
04.05.23 16:23:18.053 Programmstart Live Standalone 3.1.4.5
04.05.23 16:23:18.053 Programmpfad: C:\Users\Chanpreet\Workspace\ZVT\EasyZVT\EasyZVT.exe
04.05.23 16:23:18.053 Eingabedatei: 
04.05.23 16:23:18.054 Parameterstring: 
04.05.23 16:23:18.054 Hostname:     DESKTOP-D9GALTQ
04.05.23 16:23:18.054 Kasse-Nr.:    1
04.05.23 16:23:18.055 COM:          LAN
04.05.23 16:23:18.055 ComSpeed:     9600
04.05.23 16:23:18.056 ComStop:      1
04.05.23 16:23:18.056 IP:           192.168.0.133
04.05.23 16:23:18.056 Port:         5577
04.05.23 16:23:18.057 PortKasse:    4102
04.05.23 16:23:18.057 Passwort:     000000
04.05.23 16:23:18.058 Betrag:       0
04.05.23 16:23:18.058 Cashback:     0
04.05.23 16:23:18.058 PIN:          0
04.05.23 16:23:18.059 Kassedruck:   1
04.05.23 16:23:18.059 Funktion:     0
04.05.23 16:23:18.059 Protokollpfad:C:\Users\Chanpreet\Workspace\Einzel-Master\protocol
04.05.23 16:23:18.060 Ausgabepfad:  C:\Users\Chanpreet\Workspace\Einzel-Master\result
04.05.23 16:23:18.060 Dialog:       1
04.05.23 16:23:18.061 Typ:          0
04.05.23 16:23:18.061 Abmelden:     0
04.05.23 16:23:18.061 Lizenz:       
04.05.23 16:23:18.062 Original:     1
04.05.23 16:23:18.062 Diag:         1
04.05.23 16:23:18.063 Alter:        0
04.05.23 16:23:18.063 CCV:          
04.05.23 16:23:18.063 Sperre:       0
04.05.23 16:23:18.063 Sprache:      DE
04.05.23 16:23:18.064 Währung:      EUR
04.05.23 16:23:18.064 Flottenk.-Typ:1
04.05.23 16:23:18.065 Tip:          0
04.05.23 16:23:18.065 Trinkgeld:    0
04.05.23 16:23:18.065 Freitext:     
04.05.23 16:23:18.066 WWRef:        
04.05.23 16:23:18.066 WWVerf:       0
04.05.23 16:23:18.067 Secucard:     0
04.05.23 16:23:18.067 Warenautomat: 0
04.05.23 16:23:18.067 Verfahren:    0
04.05.23 16:23:18.068 Breite:       0
04.05.23 16:23:18.068 Reconnect:    5000
04.05.23 16:23:18.068 ReadTimeout:  30
04.05.23 16:23:18.088 Prüfe Internetverbindung 81.169.145.144
04.05.23 16:23:18.164 kein Internet: Timeout erreicht 75 ms
04.05.23 16:23:18.215 ------- Connect async ------------
04.05.23 16:23:18.235 Initialisiere Verbindung LAN/WLAN auf 192.168.0.133
04.05.23 16:23:18.259 IP-Info lokal 192.168.0.173(255.255.255.0) Subnetz: 192.168.0.0.
04.05.23 16:23:18.259 IP-Info Gerät 192.168.0.133(255.255.255.0) Subnetz: 192.168.0.0.
04.05.23 16:23:18.396 Gerät im gleichen Subnetz. Prüfe MAC 192.168.0.133: 38-EF-E3-3B-A9-E0
04.05.23 16:23:18.397 Ping 192.168.0.133
04.05.23 16:23:18.438 Ping ok 40 ms
04.05.23 16:23:18.438 Verbinde mit Timeout für IP Connect 20 s
04.05.23 16:23:18.442 Connect erfolgt, prüfe Verbindungsstatus
04.05.23 16:23:18.442 Terminal erkannt an IP 192.168.0.133 Port 5577
04.05.23 16:23:18.456 ------- Anmeldung async -------
04.05.23 16:23:18.479 Receive TCP Timeout 20 s
04.05.23 16:23:18.888 Receive TCP Timeout 20 s
04.05.23 16:23:18.901 Transport-Abschluss OK 06 0F erhalten
04.05.23 16:23:18.924 Datenlänge: 16
04.05.23 16:23:18.925 29 TID: 68270011
04.05.23 16:23:18.925 49 Währung: 09 78
04.05.23 16:23:18.938 0A Erlaubtes TLV-Tag: 06 D3 Blockdruck
04.05.23 16:23:18.949 --------Statusabfrage sync--------
04.05.23 16:23:18.949 Receive TCP Timeout 20 s
04.05.23 16:23:19.592 Receive TCP Timeout 20 s
04.05.23 16:23:19.644 Transport-Abschluss OK 06 0F erhalten
04.05.23 16:23:19.645 LLLvar standard
04.05.23 16:23:19.645 LLL varlen = 17
04.05.23 16:23:19.646 Statusbyte: 00
04.05.23 16:23:19.646 Status: BZT bereit
04.05.23 16:23:19.647 BZT-SW-Version: 150635a M VOB REA
04.05.23 16:23:19.648 Gerätetyp: unbekannt
04.05.23 16:23:19.648 BZT bereit
04.05.23 16:23:19.686 ----- Lizenzcheck -----------
04.05.23 16:23:19.687 Test-Lizenz Betrag 0
04.05.23 16:23:19.689 Fehler: Betrag erforderlich
04.05.23 16:23:19.744 Application Exit
04.05.23 16:23:19.746 Disconnect
04.05.23 16:24:00.861 ------------------------------------------------------------------------------------
04.05.23 16:24:00.861 Programmstart Live Standalone 3.1.4.5
04.05.23 16:24:00.862 Programmpfad: C:\Users\Chanpreet\Workspace\ZVT\EasyZVT\EasyZVT.exe
04.05.23 16:24:00.862 Eingabedatei: 
04.05.23 16:24:00.862 Parameterstring: 
04.05.23 16:24:00.863 Hostname:     DESKTOP-D9GALTQ
04.05.23 16:24:00.863 Kasse-Nr.:    1
04.05.23 16:24:00.863 COM:          LAN
04.05.23 16:24:00.863 ComSpeed:     9600
04.05.23 16:24:00.864 ComStop:      1
04.05.23 16:24:00.864 IP:           192.168.0.133
04.05.23 16:24:00.864 Port:         5577
04.05.23 16:24:00.865 PortKasse:    4102
04.05.23 16:24:00.865 Passwort:     000000
04.05.23 16:24:00.865 Betrag:       0
04.05.23 16:24:00.865 Cashback:     0
04.05.23 16:24:00.866 PIN:          0
04.05.23 16:24:00.866 Kassedruck:   1
04.05.23 16:24:00.866 Funktion:     0
04.05.23 16:24:00.867 Protokollpfad:C:\Users\Chanpreet\Workspace\Einzel-Master\protocol
04.05.23 16:24:00.867 Ausgabepfad:  C:\Users\Chanpreet\Workspace\Einzel-Master\result
04.05.23 16:24:00.867 Dialog:       1
04.05.23 16:24:00.868 Typ:          0
04.05.23 16:24:00.868 Abmelden:     0
04.05.23 16:24:00.868 Lizenz:       
04.05.23 16:24:00.869 Original:     1
04.05.23 16:24:00.869 Diag:         1
04.05.23 16:24:00.869 Alter:        0
04.05.23 16:24:00.869 CCV:          
04.05.23 16:24:00.870 Sperre:       0
04.05.23 16:24:00.870 Sprache:      DE
04.05.23 16:24:00.871 Währung:      EUR
04.05.23 16:24:00.871 Flottenk.-Typ:1
04.05.23 16:24:00.871 Tip:          0
04.05.23 16:24:00.872 Trinkgeld:    0
04.05.23 16:24:00.872 Freitext:     
04.05.23 16:24:00.873 WWRef:        
04.05.23 16:24:00.873 WWVerf:       0
04.05.23 16:24:00.873 Secucard:     0
04.05.23 16:24:00.873 Warenautomat: 0
04.05.23 16:24:00.874 Verfahren:    0
04.05.23 16:24:00.874 Breite:       0
04.05.23 16:24:00.874 Reconnect:    5000
04.05.23 16:24:00.875 ReadTimeout:  30
04.05.23 16:24:00.894 Prüfe Internetverbindung 81.169.145.144
04.05.23 16:24:00.941 Internet ok 44 ms
04.05.23 16:24:00.981 ------- Connect async ------------
04.05.23 16:24:01.000 Initialisiere Verbindung LAN/WLAN auf 192.168.0.133
04.05.23 16:24:01.024 IP-Info lokal 192.168.0.173(255.255.255.0) Subnetz: 192.168.0.0.
04.05.23 16:24:01.025 IP-Info Gerät 192.168.0.133(255.255.255.0) Subnetz: 192.168.0.0.
04.05.23 16:24:01.154 Gerät im gleichen Subnetz. Prüfe MAC 192.168.0.133: 38-EF-E3-3B-A9-E0
04.05.23 16:24:01.154 Ping 192.168.0.133
04.05.23 16:24:01.159 Ping ok 5 ms
04.05.23 16:24:01.160 Verbinde mit Timeout für IP Connect 20 s
04.05.23 16:24:01.171 Connect erfolgt, prüfe Verbindungsstatus
04.05.23 16:24:01.172 Terminal erkannt an IP 192.168.0.133 Port 5577
04.05.23 16:24:01.187 ------- Anmeldung async -------
04.05.23 16:24:01.214 Receive TCP Timeout 20 s
04.05.23 16:24:01.597 Receive TCP Timeout 20 s
04.05.23 16:24:01.614 Transport-Abschluss OK 06 0F erhalten
04.05.23 16:24:01.643 Datenlänge: 16
04.05.23 16:24:01.644 29 TID: 68270011
04.05.23 16:24:01.645 49 Währung: 09 78
04.05.23 16:24:01.658 0A Erlaubtes TLV-Tag: 06 D3 Blockdruck
04.05.23 16:24:01.665 --------Statusabfrage sync--------
04.05.23 16:24:01.666 Receive TCP Timeout 20 s
04.05.23 16:24:01.837 Receive TCP Timeout 20 s
04.05.23 16:24:01.901 Transport-Abschluss OK 06 0F erhalten
04.05.23 16:24:01.901 LLLvar standard
04.05.23 16:24:01.902 LLL varlen = 17
04.05.23 16:24:01.903 Statusbyte: 00
04.05.23 16:24:01.903 Status: BZT bereit
04.05.23 16:24:01.904 BZT-SW-Version: 150635a M VOB REA
04.05.23 16:24:01.904 Gerätetyp: unbekannt
04.05.23 16:24:01.905 BZT bereit
04.05.23 16:24:01.931 ----- Lizenzcheck -----------
04.05.23 16:24:01.931 Test-Lizenz Betrag 0
04.05.23 16:24:01.934 Fehler: Betrag erforderlich
04.05.23 16:24:01.981 Application Exit
04.05.23 16:24:01.983 Disconnect
04.05.23 16:24:05.635 ------------------------------------------------------------------------------------
04.05.23 16:24:05.636 Programmstart Live Standalone 3.1.4.5
04.05.23 16:24:05.636 Programmpfad: C:\Users\Chanpreet\Workspace\ZVT\EasyZVT\EasyZVT.exe
04.05.23 16:24:05.637 Eingabedatei: 
04.05.23 16:24:05.637 Parameterstring: 
04.05.23 16:24:05.638 Hostname:     DESKTOP-D9GALTQ
04.05.23 16:24:05.638 Kasse-Nr.:    1
04.05.23 16:24:05.638 COM:          LAN
04.05.23 16:24:05.639 ComSpeed:     9600
04.05.23 16:24:05.639 ComStop:      1
04.05.23 16:24:05.639 IP:           192.168.0.133
04.05.23 16:24:05.640 Port:         5577
04.05.23 16:24:05.640 PortKasse:    4102
04.05.23 16:24:05.640 Passwort:     000000
04.05.23 16:24:05.641 Betrag:       0
04.05.23 16:24:05.641 Cashback:     0
04.05.23 16:24:05.641 PIN:          0
04.05.23 16:24:05.642 Kassedruck:   1
04.05.23 16:24:05.642 Funktion:     0
04.05.23 16:24:05.642 Protokollpfad:C:\Users\Chanpreet\Workspace\Einzel-Master\protocol
04.05.23 16:24:05.643 Ausgabepfad:  C:\Users\Chanpreet\Workspace\Einzel-Master\result
04.05.23 16:24:05.643 Dialog:       1
04.05.23 16:24:05.643 Typ:          0
04.05.23 16:24:05.643 Abmelden:     0
04.05.23 16:24:05.644 Lizenz:       
04.05.23 16:24:05.644 Original:     1
04.05.23 16:24:05.644 Diag:         1
04.05.23 16:24:05.645 Alter:        0
04.05.23 16:24:05.645 CCV:          
04.05.23 16:24:05.645 Sperre:       0
04.05.23 16:24:05.645 Sprache:      DE
04.05.23 16:24:05.646 Währung:      EUR
04.05.23 16:24:05.646 Flottenk.-Typ:1
04.05.23 16:24:05.647 Tip:          0
04.05.23 16:24:05.647 Trinkgeld:    0
04.05.23 16:24:05.647 Freitext:     
04.05.23 16:24:05.648 WWRef:        
04.05.23 16:24:05.648 WWVerf:       0
04.05.23 16:24:05.648 Secucard:     0
04.05.23 16:24:05.648 Warenautomat: 0
04.05.23 16:24:05.649 Verfahren:    0
04.05.23 16:24:05.649 Breite:       0
04.05.23 16:24:05.649 Reconnect:    5000
04.05.23 16:24:05.650 ReadTimeout:  30
04.05.23 16:24:05.673 Prüfe Internetverbindung 81.169.145.144
04.05.23 16:24:05.704 Internet ok 30 ms
04.05.23 16:24:05.747 ------- Connect async ------------
04.05.23 16:24:05.767 Initialisiere Verbindung LAN/WLAN auf 192.168.0.133
04.05.23 16:24:05.791 IP-Info lokal 192.168.0.173(255.255.255.0) Subnetz: 192.168.0.0.
04.05.23 16:24:05.791 IP-Info Gerät 192.168.0.133(255.255.255.0) Subnetz: 192.168.0.0.
04.05.23 16:24:05.925 Gerät im gleichen Subnetz. Prüfe MAC 192.168.0.133: 38-EF-E3-3B-A9-E0
04.05.23 16:24:05.925 Ping 192.168.0.133
04.05.23 16:24:05.953 Ping ok 27 ms
04.05.23 16:24:05.954 Verbinde mit Timeout für IP Connect 20 s
04.05.23 16:24:05.957 Connect erfolgt, prüfe Verbindungsstatus
04.05.23 16:24:05.957 Terminal erkannt an IP 192.168.0.133 Port 5577
04.05.23 16:24:05.970 ------- Anmeldung async -------
04.05.23 16:24:05.993 Receive TCP Timeout 20 s
04.05.23 16:24:06.374 Receive TCP Timeout 20 s
04.05.23 16:24:06.382 Transport-Abschluss OK 06 0F erhalten
04.05.23 16:24:06.413 Datenlänge: 16
04.05.23 16:24:06.414 29 TID: 68270011
04.05.23 16:24:06.414 49 Währung: 09 78
04.05.23 16:24:06.435 0A Erlaubtes TLV-Tag: 06 D3 Blockdruck
04.05.23 16:24:06.443 --------Statusabfrage sync--------
04.05.23 16:24:06.444 Receive TCP Timeout 20 s
04.05.23 16:24:06.571 Receive TCP Timeout 20 s
04.05.23 16:24:06.606 Transport-Abschluss OK 06 0F erhalten
04.05.23 16:24:06.607 LLLvar standard
04.05.23 16:24:06.608 LLL varlen = 17
04.05.23 16:24:06.608 Statusbyte: 00
04.05.23 16:24:06.608 Status: BZT bereit
04.05.23 16:24:06.609 BZT-SW-Version: 150635a M VOB REA
04.05.23 16:24:06.609 Gerätetyp: unbekannt
04.05.23 16:24:06.609 BZT bereit
04.05.23 16:24:06.629 ----- Lizenzcheck -----------
04.05.23 16:24:06.630 Test-Lizenz Betrag 0
04.05.23 16:24:06.635 Fehler: Betrag erforderlich
04.05.23 16:24:06.685 Application Exit
04.05.23 16:24:06.687 Disconnect
04.05.23 16:24:08.709 ------------------------------------------------------------------------------------
04.05.23 16:24:08.709 Programmstart Live Standalone 3.1.4.5
04.05.23 16:24:08.710 Programmpfad: C:\Users\Chanpreet\Workspace\ZVT\EasyZVT\EasyZVT.exe
04.05.23 16:24:08.710 Eingabedatei: 
04.05.23 16:24:08.710 Parameterstring: 
04.05.23 16:24:08.711 Hostname:     DESKTOP-D9GALTQ
04.05.23 16:24:08.711 Kasse-Nr.:    1
04.05.23 16:24:08.711 COM:          LAN
04.05.23 16:24:08.712 ComSpeed:     9600
04.05.23 16:24:08.712 ComStop:      1
04.05.23 16:24:08.712 IP:           192.168.0.133
04.05.23 16:24:08.713 Port:         5577
04.05.23 16:24:08.713 PortKasse:    4102
04.05.23 16:24:08.713 Passwort:     000000
04.05.23 16:24:08.714 Betrag:       0
04.05.23 16:24:08.714 Cashback:     0
04.05.23 16:24:08.714 PIN:          0
04.05.23 16:24:08.715 Kassedruck:   1
04.05.23 16:24:08.715 Funktion:     0
04.05.23 16:24:08.715 Protokollpfad:C:\Users\Chanpreet\Workspace\Einzel-Master\protocol
04.05.23 16:24:08.716 Ausgabepfad:  C:\Users\Chanpreet\Workspace\Einzel-Master\result
04.05.23 16:24:08.716 Dialog:       1
04.05.23 16:24:08.716 Typ:          0
04.05.23 16:24:08.717 Abmelden:     0
04.05.23 16:24:08.717 Lizenz:       
04.05.23 16:24:08.717 Original:     1
04.05.23 16:24:08.718 Diag:         1
04.05.23 16:24:08.718 Alter:        0
04.05.23 16:24:08.718 CCV:          
04.05.23 16:24:08.719 Sperre:       0
04.05.23 16:24:08.719 Sprache:      DE
04.05.23 16:24:08.720 Währung:      EUR
04.05.23 16:24:08.720 Flottenk.-Typ:1
04.05.23 16:24:08.720 Tip:          0
04.05.23 16:24:08.721 Trinkgeld:    0
04.05.23 16:24:08.721 Freitext:     
04.05.23 16:24:08.721 WWRef:        
04.05.23 16:24:08.722 WWVerf:       0
04.05.23 16:24:08.722 Secucard:     0
04.05.23 16:24:08.722 Warenautomat: 0
04.05.23 16:24:08.722 Verfahren:    0
04.05.23 16:24:08.723 Breite:       0
04.05.23 16:24:08.723 Reconnect:    5000
04.05.23 16:24:08.723 ReadTimeout:  30
04.05.23 16:24:08.743 Prüfe Internetverbindung 81.169.145.144
04.05.23 16:24:08.774 Internet ok 30 ms
04.05.23 16:24:08.810 ------- Connect async ------------
04.05.23 16:24:08.834 Initialisiere Verbindung LAN/WLAN auf 192.168.0.133
04.05.23 16:24:08.859 IP-Info lokal 192.168.0.173(255.255.255.0) Subnetz: 192.168.0.0.
04.05.23 16:24:08.859 IP-Info Gerät 192.168.0.133(255.255.255.0) Subnetz: 192.168.0.0.
04.05.23 16:24:08.991 Gerät im gleichen Subnetz. Prüfe MAC 192.168.0.133: 38-EF-E3-3B-A9-E0
04.05.23 16:24:08.991 Ping 192.168.0.133
04.05.23 16:24:09.025 Ping ok 33 ms
04.05.23 16:24:09.025 Verbinde mit Timeout für IP Connect 20 s
04.05.23 16:24:09.029 Connect erfolgt, prüfe Verbindungsstatus
04.05.23 16:24:09.029 Terminal erkannt an IP 192.168.0.133 Port 5577
04.05.23 16:24:09.043 ------- Anmeldung async -------
04.05.23 16:24:09.065 Receive TCP Timeout 20 s
04.05.23 16:24:09.440 Receive TCP Timeout 20 s
04.05.23 16:24:09.453 Transport-Abschluss OK 06 0F erhalten
04.05.23 16:24:09.477 Datenlänge: 16
04.05.23 16:24:09.478 29 TID: 68270011
04.05.23 16:24:09.478 49 Währung: 09 78
04.05.23 16:24:09.495 0A Erlaubtes TLV-Tag: 06 D3 Blockdruck
04.05.23 16:24:09.503 --------Statusabfrage sync--------
04.05.23 16:24:09.503 Receive TCP Timeout 20 s
04.05.23 16:24:09.662 Receive TCP Timeout 20 s
04.05.23 16:24:09.709 Transport-Abschluss OK 06 0F erhalten
04.05.23 16:24:09.710 LLLvar standard
04.05.23 16:24:09.710 LLL varlen = 17
04.05.23 16:24:09.710 Statusbyte: 00
04.05.23 16:24:09.711 Status: BZT bereit
04.05.23 16:24:09.711 BZT-SW-Version: 150635a M VOB REA
04.05.23 16:24:09.712 Gerätetyp: unbekannt
04.05.23 16:24:09.712 BZT bereit
04.05.23 16:24:09.736 ----- Lizenzcheck -----------
04.05.23 16:24:09.736 Test-Lizenz Betrag 0
04.05.23 16:24:09.739 Fehler: Betrag erforderlich
04.05.23 16:24:09.793 Application Exit
04.05.23 16:24:09.795 Disconnect
04.05.23 16:24:11.083 ------------------------------------------------------------------------------------
04.05.23 16:24:11.083 Programmstart Live Standalone 3.1.4.5
04.05.23 16:24:11.084 Programmpfad: C:\Users\Chanpreet\Workspace\ZVT\EasyZVT\EasyZVT.exe
04.05.23 16:24:11.084 Eingabedatei: 
04.05.23 16:24:11.084 Parameterstring: 
04.05.23 16:24:11.085 Hostname:     DESKTOP-D9GALTQ
04.05.23 16:24:11.085 Kasse-Nr.:    1
04.05.23 16:24:11.086 COM:          LAN
04.05.23 16:24:11.086 ComSpeed:     9600
04.05.23 16:24:11.086 ComStop:      1
04.05.23 16:24:11.087 IP:           192.168.0.133
04.05.23 16:24:11.087 Port:         5577
04.05.23 16:24:11.087 PortKasse:    4102
04.05.23 16:24:11.088 Passwort:     000000
04.05.23 16:24:11.088 Betrag:       0
04.05.23 16:24:11.088 Cashback:     0
04.05.23 16:24:11.089 PIN:          0
04.05.23 16:24:11.089 Kassedruck:   1
04.05.23 16:24:11.089 Funktion:     0
04.05.23 16:24:11.090 Protokollpfad:C:\Users\Chanpreet\Workspace\Einzel-Master\protocol
04.05.23 16:24:11.090 Ausgabepfad:  C:\Users\Chanpreet\Workspace\Einzel-Master\result
04.05.23 16:24:11.090 Dialog:       1
04.05.23 16:24:11.090 Typ:          0
04.05.23 16:24:11.091 Abmelden:     0
04.05.23 16:24:11.091 Lizenz:       
04.05.23 16:24:11.091 Original:     1
04.05.23 16:24:11.092 Diag:         1
04.05.23 16:24:11.092 Alter:        0
04.05.23 16:24:11.092 CCV:          
04.05.23 16:24:11.093 Sperre:       0
04.05.23 16:24:11.093 Sprache:      DE
04.05.23 16:24:11.093 Währung:      EUR
04.05.23 16:24:11.093 Flottenk.-Typ:1
04.05.23 16:24:11.094 Tip:          0
04.05.23 16:24:11.094 Trinkgeld:    0
04.05.23 16:24:11.094 Freitext:     
04.05.23 16:24:11.095 WWRef:        
04.05.23 16:24:11.095 WWVerf:       0
04.05.23 16:24:11.095 Secucard:     0
04.05.23 16:24:11.096 Warenautomat: 0
04.05.23 16:24:11.096 Verfahren:    0
04.05.23 16:24:11.096 Breite:       0
04.05.23 16:24:11.097 Reconnect:    5000
04.05.23 16:24:11.097 ReadTimeout:  30
04.05.23 16:24:11.119 Prüfe Internetverbindung 81.169.145.144
04.05.23 16:24:11.150 Internet ok 29 ms
04.05.23 16:24:11.185 ------- Connect async ------------
04.05.23 16:24:11.204 Initialisiere Verbindung LAN/WLAN auf 192.168.0.133
04.05.23 16:24:11.228 IP-Info lokal 192.168.0.173(255.255.255.0) Subnetz: 192.168.0.0.
04.05.23 16:24:11.229 IP-Info Gerät 192.168.0.133(255.255.255.0) Subnetz: 192.168.0.0.
04.05.23 16:24:11.362 Gerät im gleichen Subnetz. Prüfe MAC 192.168.0.133: 38-EF-E3-3B-A9-E0
04.05.23 16:24:11.363 Ping 192.168.0.133
04.05.23 16:24:11.380 Ping ok 16 ms
04.05.23 16:24:11.381 Verbinde mit Timeout für IP Connect 20 s
04.05.23 16:24:11.384 Connect erfolgt, prüfe Verbindungsstatus
04.05.23 16:24:11.384 Terminal erkannt an IP 192.168.0.133 Port 5577
04.05.23 16:24:11.401 ------- Anmeldung async -------
04.05.23 16:24:11.425 Receive TCP Timeout 20 s
04.05.23 16:24:11.799 Receive TCP Timeout 20 s
04.05.23 16:24:11.800 Transport-Abschluss OK 06 0F erhalten
04.05.23 16:24:11.834 Datenlänge: 16
04.05.23 16:24:11.835 29 TID: 68270011
04.05.23 16:24:11.835 49 Währung: 09 78
04.05.23 16:24:11.849 0A Erlaubtes TLV-Tag: 06 D3 Blockdruck
04.05.23 16:24:11.857 --------Statusabfrage sync--------
04.05.23 16:24:11.858 Receive TCP Timeout 20 s
04.05.23 16:24:11.983 Receive TCP Timeout 20 s
04.05.23 16:24:12.039 Transport-Abschluss OK 06 0F erhalten
04.05.23 16:24:12.040 LLLvar standard
04.05.23 16:24:12.040 LLL varlen = 17
04.05.23 16:24:12.041 Statusbyte: 00
04.05.23 16:24:12.042 Status: BZT bereit
04.05.23 16:24:12.042 BZT-SW-Version: 150635a M VOB REA
04.05.23 16:24:12.043 Gerätetyp: unbekannt
04.05.23 16:24:12.044 BZT bereit
04.05.23 16:24:12.060 ----- Lizenzcheck -----------
04.05.23 16:24:12.061 Test-Lizenz Betrag 0
04.05.23 16:24:12.066 Fehler: Betrag erforderlich
04.05.23 16:24:12.126 Application Exit
04.05.23 16:24:12.128 Disconnect
04.05.23 16:24:13.210 ------------------------------------------------------------------------------------
04.05.23 16:24:13.210 Programmstart Live Standalone 3.1.4.5
04.05.23 16:24:13.211 Programmpfad: C:\Users\Chanpreet\Workspace\ZVT\EasyZVT\EasyZVT.exe
04.05.23 16:24:13.211 Eingabedatei: 
04.05.23 16:24:13.211 Parameterstring: 
04.05.23 16:24:13.212 Hostname:     DESKTOP-D9GALTQ
04.05.23 16:24:13.212 Kasse-Nr.:    1
04.05.23 16:24:13.212 COM:          LAN
04.05.23 16:24:13.213 ComSpeed:     9600
04.05.23 16:24:13.213 ComStop:      1
04.05.23 16:24:13.214 IP:           192.168.0.133
04.05.23 16:24:13.214 Port:         5577
04.05.23 16:24:13.214 PortKasse:    4102
04.05.23 16:24:13.215 Passwort:     000000
04.05.23 16:24:13.215 Betrag:       0
04.05.23 16:24:13.216 Cashback:     0
04.05.23 16:24:13.216 PIN:          0
04.05.23 16:24:13.216 Kassedruck:   1
04.05.23 16:24:13.217 Funktion:     0
04.05.23 16:24:13.217 Protokollpfad:C:\Users\Chanpreet\Workspace\Einzel-Master\protocol
04.05.23 16:24:13.217 Ausgabepfad:  C:\Users\Chanpreet\Workspace\Einzel-Master\result
04.05.23 16:24:13.218 Dialog:       1
04.05.23 16:24:13.218 Typ:          0
04.05.23 16:24:13.218 Abmelden:     0
04.05.23 16:24:13.219 Lizenz:       
04.05.23 16:24:13.219 Original:     1
04.05.23 16:24:13.220 Diag:         1
04.05.23 16:24:13.220 Alter:        0
04.05.23 16:24:13.220 CCV:          
04.05.23 16:24:13.221 Sperre:       0
04.05.23 16:24:13.221 Sprache:      DE
04.05.23 16:24:13.221 Währung:      EUR
04.05.23 16:24:13.222 Flottenk.-Typ:1
04.05.23 16:24:13.222 Tip:          0
04.05.23 16:24:13.222 Trinkgeld:    0
04.05.23 16:24:13.223 Freitext:     
04.05.23 16:24:13.223 WWRef:        
04.05.23 16:24:13.224 WWVerf:       0
04.05.23 16:24:13.224 Secucard:     0
04.05.23 16:24:13.224 Warenautomat: 0
04.05.23 16:24:13.224 Verfahren:    0
04.05.23 16:24:13.225 Breite:       0
04.05.23 16:24:13.225 Reconnect:    5000
04.05.23 16:24:13.225 ReadTimeout:  30
04.05.23 16:24:13.244 Prüfe Internetverbindung 81.169.145.144
04.05.23 16:24:13.276 Internet ok 29 ms
04.05.23 16:24:13.312 ------- Connect async ------------
04.05.23 16:24:13.335 Initialisiere Verbindung LAN/WLAN auf 192.168.0.133
04.05.23 16:24:13.359 IP-Info lokal 192.168.0.173(255.255.255.0) Subnetz: 192.168.0.0.
04.05.23 16:24:13.360 IP-Info Gerät 192.168.0.133(255.255.255.0) Subnetz: 192.168.0.0.
04.05.23 16:24:13.496 Gerät im gleichen Subnetz. Prüfe MAC 192.168.0.133: 38-EF-E3-3B-A9-E0
04.05.23 16:24:13.496 Ping 192.168.0.133
04.05.23 16:24:13.534 Ping ok 36 ms
04.05.23 16:24:13.534 Verbinde mit Timeout für IP Connect 20 s
04.05.23 16:24:13.539 Connect erfolgt, prüfe Verbindungsstatus
04.05.23 16:24:13.539 Terminal erkannt an IP 192.168.0.133 Port 5577
04.05.23 16:24:13.568 ------- Anmeldung async -------
04.05.23 16:24:13.591 Receive TCP Timeout 20 s
04.05.23 16:24:13.986 Receive TCP Timeout 20 s
04.05.23 16:24:13.988 Transport-Abschluss OK 06 0F erhalten
04.05.23 16:24:14.026 Datenlänge: 16
04.05.23 16:24:14.027 29 TID: 68270011
04.05.23 16:24:14.027 49 Währung: 09 78
04.05.23 16:24:14.041 0A Erlaubtes TLV-Tag: 06 D3 Blockdruck
04.05.23 16:24:14.048 --------Statusabfrage sync--------
04.05.23 16:24:14.049 Receive TCP Timeout 20 s
04.05.23 16:24:14.730 Receive TCP Timeout 20 s
04.05.23 16:24:14.785 Transport-Abschluss OK 06 0F erhalten
04.05.23 16:24:14.786 LLLvar standard
04.05.23 16:24:14.786 LLL varlen = 17
04.05.23 16:24:14.787 Statusbyte: 00
04.05.23 16:24:14.788 Status: BZT bereit
04.05.23 16:24:14.788 BZT-SW-Version: 150635a M VOB REA
04.05.23 16:24:14.789 Gerätetyp: unbekannt
04.05.23 16:24:14.790 BZT bereit
04.05.23 16:24:14.833 ----- Lizenzcheck -----------
04.05.23 16:24:14.834 Test-Lizenz Betrag 0
04.05.23 16:24:14.837 Fehler: Betrag erforderlich
04.05.23 16:24:14.892 Application Exit
04.05.23 16:24:14.894 Disconnect
04.05.23 16:24:16.342 ------------------------------------------------------------------------------------
04.05.23 16:24:16.343 Programmstart Live Standalone 3.1.4.5
04.05.23 16:24:16.343 Programmpfad: C:\Users\Chanpreet\Workspace\ZVT\EasyZVT\EasyZVT.exe
04.05.23 16:24:16.344 Eingabedatei: 
04.05.23 16:24:16.344 Parameterstring: 
04.05.23 16:24:16.344 Hostname:     DESKTOP-D9GALTQ
04.05.23 16:24:16.345 Kasse-Nr.:    1
04.05.23 16:24:16.345 COM:          LAN
04.05.23 16:24:16.345 ComSpeed:     9600
04.05.23 16:24:16.346 ComStop:      1
04.05.23 16:24:16.346 IP:           192.168.0.133
04.05.23 16:24:16.346 Port:         5577
04.05.23 16:24:16.347 PortKasse:    4102
04.05.23 16:24:16.347 Passwort:     000000
04.05.23 16:24:16.347 Betrag:       0
04.05.23 16:24:16.348 Cashback:     0
04.05.23 16:24:16.348 PIN:          0
04.05.23 16:24:16.348 Kassedruck:   1
04.05.23 16:24:16.349 Funktion:     0
04.05.23 16:24:16.349 Protokollpfad:C:\Users\Chanpreet\Workspace\Einzel-Master\protocol
04.05.23 16:24:16.349 Ausgabepfad:  C:\Users\Chanpreet\Workspace\Einzel-Master\result
04.05.23 16:24:16.349 Dialog:       1
04.05.23 16:24:16.350 Typ:          0
04.05.23 16:24:16.350 Abmelden:     0
04.05.23 16:24:16.350 Lizenz:       
04.05.23 16:24:16.351 Original:     1
04.05.23 16:24:16.351 Diag:         1
04.05.23 16:24:16.351 Alter:        0
04.05.23 16:24:16.351 CCV:          
04.05.23 16:24:16.352 Sperre:       0
04.05.23 16:24:16.352 Sprache:      DE
04.05.23 16:24:16.352 Währung:      EUR
04.05.23 16:24:16.353 Flottenk.-Typ:1
04.05.23 16:24:16.353 Tip:          0
04.05.23 16:24:16.353 Trinkgeld:    0
04.05.23 16:24:16.354 Freitext:     
04.05.23 16:24:16.354 WWRef:        
04.05.23 16:24:16.354 WWVerf:       0
04.05.23 16:24:16.355 Secucard:     0
04.05.23 16:24:16.355 Warenautomat: 0
04.05.23 16:24:16.355 Verfahren:    0
04.05.23 16:24:16.356 Breite:       0
04.05.23 16:24:16.356 Reconnect:    5000
04.05.23 16:24:16.356 ReadTimeout:  30
04.05.23 16:24:16.376 Prüfe Internetverbindung 81.169.145.144
04.05.23 16:24:16.439 Internet ok 61 ms
04.05.23 16:24:16.492 ------- Connect async ------------
04.05.23 16:24:16.512 Initialisiere Verbindung LAN/WLAN auf 192.168.0.133
04.05.23 16:24:16.536 IP-Info lokal 192.168.0.173(255.255.255.0) Subnetz: 192.168.0.0.
04.05.23 16:24:16.536 IP-Info Gerät 192.168.0.133(255.255.255.0) Subnetz: 192.168.0.0.
04.05.23 16:24:16.676 Gerät im gleichen Subnetz. Prüfe MAC 192.168.0.133: 38-EF-E3-3B-A9-E0
04.05.23 16:24:16.676 Ping 192.168.0.133
04.05.23 16:24:16.707 Ping ok 30 ms
04.05.23 16:24:16.708 Verbinde mit Timeout für IP Connect 20 s
04.05.23 16:24:16.715 Connect erfolgt, prüfe Verbindungsstatus
04.05.23 16:24:16.716 Terminal erkannt an IP 192.168.0.133 Port 5577
04.05.23 16:24:16.734 ------- Anmeldung async -------
04.05.23 16:24:16.756 Receive TCP Timeout 20 s
04.05.23 16:24:17.128 Receive TCP Timeout 20 s
04.05.23 16:24:17.140 Transport-Abschluss OK 06 0F erhalten
04.05.23 16:24:17.185 Datenlänge: 16
04.05.23 16:24:17.186 29 TID: 68270011
04.05.23 16:24:17.186 49 Währung: 09 78
04.05.23 16:24:17.209 0A Erlaubtes TLV-Tag: 06 D3 Blockdruck
04.05.23 16:24:17.217 --------Statusabfrage sync--------
04.05.23 16:24:17.218 Receive TCP Timeout 20 s
04.05.23 16:24:17.852 Receive TCP Timeout 20 s
04.05.23 16:24:17.912 Transport-Abschluss OK 06 0F erhalten
04.05.23 16:24:17.912 LLLvar standard
04.05.23 16:24:17.913 LLL varlen = 17
04.05.23 16:24:17.913 Statusbyte: 00
04.05.23 16:24:17.913 Status: BZT bereit
04.05.23 16:24:17.913 BZT-SW-Version: 150635a M VOB REA
04.05.23 16:24:17.914 Gerätetyp: unbekannt
04.05.23 16:24:17.914 BZT bereit
04.05.23 16:24:17.940 ----- Lizenzcheck -----------
04.05.23 16:24:17.940 Test-Lizenz Betrag 0
04.05.23 16:24:17.944 Fehler: Betrag erforderlich
04.05.23 16:24:17.992 Application Exit
04.05.23 16:24:17.994 Disconnect
04.05.23 16:24:19.187 ------------------------------------------------------------------------------------
04.05.23 16:24:19.187 Programmstart Live Standalone 3.1.4.5
04.05.23 16:24:19.188 Programmpfad: C:\Users\Chanpreet\Workspace\ZVT\EasyZVT\EasyZVT.exe
04.05.23 16:24:19.188 Eingabedatei: 
04.05.23 16:24:19.188 Parameterstring: 
04.05.23 16:24:19.189 Hostname:     DESKTOP-D9GALTQ
04.05.23 16:24:19.189 Kasse-Nr.:    1
04.05.23 16:24:19.189 COM:          LAN
04.05.23 16:24:19.190 ComSpeed:     9600
04.05.23 16:24:19.190 ComStop:      1
04.05.23 16:24:19.190 IP:           192.168.0.133
04.05.23 16:24:19.191 Port:         5577
04.05.23 16:24:19.191 PortKasse:    4102
04.05.23 16:24:19.192 Passwort:     000000
04.05.23 16:24:19.192 Betrag:       0
04.05.23 16:24:19.192 Cashback:     0
04.05.23 16:24:19.193 PIN:          0
04.05.23 16:24:19.193 Kassedruck:   1
04.05.23 16:24:19.193 Funktion:     0
04.05.23 16:24:19.194 Protokollpfad:C:\Users\Chanpreet\Workspace\Einzel-Master\protocol
04.05.23 16:24:19.194 Ausgabepfad:  C:\Users\Chanpreet\Workspace\Einzel-Master\result
04.05.23 16:24:19.194 Dialog:       1
04.05.23 16:24:19.195 Typ:          0
04.05.23 16:24:19.195 Abmelden:     0
04.05.23 16:24:19.195 Lizenz:       
04.05.23 16:24:19.196 Original:     1
04.05.23 16:24:19.196 Diag:         1
04.05.23 16:24:19.197 Alter:        0
04.05.23 16:24:19.197 CCV:          
04.05.23 16:24:19.197 Sperre:       0
04.05.23 16:24:19.198 Sprache:      DE
04.05.23 16:24:19.198 Währung:      EUR
04.05.23 16:24:19.198 Flottenk.-Typ:1
04.05.23 16:24:19.199 Tip:          0
04.05.23 16:24:19.199 Trinkgeld:    0
04.05.23 16:24:19.199 Freitext:     
04.05.23 16:24:19.200 WWRef:        
04.05.23 16:24:19.200 WWVerf:       0
04.05.23 16:24:19.200 Secucard:     0
04.05.23 16:24:19.201 Warenautomat: 0
04.05.23 16:24:19.201 Verfahren:    0
04.05.23 16:24:19.201 Breite:       0
04.05.23 16:24:19.202 Reconnect:    5000
04.05.23 16:24:19.202 ReadTimeout:  30
04.05.23 16:24:19.223 Prüfe Internetverbindung 81.169.145.144
04.05.23 16:24:19.283 Internet ok 59 ms
04.05.23 16:24:19.330 ------- Connect async ------------
04.05.23 16:24:19.349 Initialisiere Verbindung LAN/WLAN auf 192.168.0.133
04.05.23 16:24:19.373 IP-Info lokal 192.168.0.173(255.255.255.0) Subnetz: 192.168.0.0.
04.05.23 16:24:19.373 IP-Info Gerät 192.168.0.133(255.255.255.0) Subnetz: 192.168.0.0.
04.05.23 16:24:19.503 Gerät im gleichen Subnetz. Prüfe MAC 192.168.0.133: 38-EF-E3-3B-A9-E0
04.05.23 16:24:19.504 Ping 192.168.0.133
04.05.23 16:24:19.506 Ping ok 2 ms
04.05.23 16:24:19.507 Verbinde mit Timeout für IP Connect 20 s
04.05.23 16:24:19.510 Connect erfolgt, prüfe Verbindungsstatus
04.05.23 16:24:19.511 Terminal erkannt an IP 192.168.0.133 Port 5577
04.05.23 16:24:19.536 ------- Anmeldung async -------
04.05.23 16:24:19.559 Receive TCP Timeout 20 s
04.05.23 16:24:19.923 Receive TCP Timeout 20 s
04.05.23 16:24:19.933 Transport-Abschluss OK 06 0F erhalten
04.05.23 16:24:19.975 Datenlänge: 16
04.05.23 16:24:19.976 29 TID: 68270011
04.05.23 16:24:19.977 49 Währung: 09 78
04.05.23 16:24:19.992 0A Erlaubtes TLV-Tag: 06 D3 Blockdruck
04.05.23 16:24:20.000 --------Statusabfrage sync--------
04.05.23 16:24:20.000 Receive TCP Timeout 20 s
04.05.23 16:24:20.675 Receive TCP Timeout 20 s
04.05.23 16:24:20.735 Transport-Abschluss OK 06 0F erhalten
04.05.23 16:24:20.736 LLLvar standard
04.05.23 16:24:20.736 LLL varlen = 17
04.05.23 16:24:20.737 Statusbyte: 00
04.05.23 16:24:20.738 Status: BZT bereit
04.05.23 16:24:20.738 BZT-SW-Version: 150635a M VOB REA
04.05.23 16:24:20.739 Gerätetyp: unbekannt
04.05.23 16:24:20.739 BZT bereit
04.05.23 16:24:20.769 ----- Lizenzcheck -----------
04.05.23 16:24:20.770 Test-Lizenz Betrag 0
04.05.23 16:24:20.773 Fehler: Betrag erforderlich
04.05.23 16:24:20.823 Application Exit
04.05.23 16:24:20.825 Disconnect
04.05.23 16:34:24.715 ------------------------------------------------------------------------------------
04.05.23 16:34:24.715 Programmstart Live Standalone 3.1.4.5
04.05.23 16:34:24.715 Programmpfad: C:\Users\Chanpreet\Workspace\ZVT\EasyZVT\EasyZVT.exe
04.05.23 16:34:24.716 Eingabedatei: 
04.05.23 16:34:24.716 Parameterstring: 
04.05.23 16:34:24.716 Hostname:     DESKTOP-D9GALTQ
04.05.23 16:34:24.717 Kasse-Nr.:    1
04.05.23 16:34:24.717 COM:          LAN
04.05.23 16:34:24.717 ComSpeed:     9600
04.05.23 16:34:24.718 ComStop:      1
04.05.23 16:34:24.718 IP:           192.168.0.133
04.05.23 16:34:24.718 Port:         5577
04.05.23 16:34:24.719 PortKasse:    4102
04.05.23 16:34:24.719 Passwort:     000000
04.05.23 16:34:24.719 Betrag:       0
04.05.23 16:34:24.720 Cashback:     0
04.05.23 16:34:24.720 PIN:          0
04.05.23 16:34:24.720 Kassedruck:   1
04.05.23 16:34:24.720 Funktion:     0
04.05.23 16:34:24.721 Protokollpfad:C:\Users\Chanpreet\Workspace\Einzel-Master\protocol
04.05.23 16:34:24.721 Ausgabepfad:  C:\Users\Chanpreet\Workspace\Einzel-Master\result
04.05.23 16:34:24.722 Dialog:       1
04.05.23 16:34:24.722 Typ:          0
04.05.23 16:34:24.722 Abmelden:     0
04.05.23 16:34:24.723 Lizenz:       
04.05.23 16:34:24.723 Original:     1
04.05.23 16:34:24.723 Diag:         1
04.05.23 16:34:24.723 Alter:        0
04.05.23 16:34:24.724 CCV:          
04.05.23 16:34:24.724 Sperre:       0
04.05.23 16:34:24.724 Sprache:      DE
04.05.23 16:34:24.725 Währung:      EUR
04.05.23 16:34:24.725 Flottenk.-Typ:1
04.05.23 16:34:24.725 Tip:          0
04.05.23 16:34:24.725 Trinkgeld:    0
04.05.23 16:34:24.726 Freitext:     
04.05.23 16:34:24.726 WWRef:        
04.05.23 16:34:24.726 WWVerf:       0
04.05.23 16:34:24.727 Secucard:     0
04.05.23 16:34:24.727 Warenautomat: 0
04.05.23 16:34:24.727 Verfahren:    0
04.05.23 16:34:24.728 Breite:       0
04.05.23 16:34:24.728 Reconnect:    5000
04.05.23 16:34:24.728 ReadTimeout:  30
04.05.23 16:34:24.751 Prüfe Internetverbindung 81.169.145.144
04.05.23 16:34:24.783 Internet ok 30 ms
04.05.23 16:34:24.831 ------- Connect async ------------
04.05.23 16:34:24.853 Initialisiere Verbindung LAN/WLAN auf 192.168.0.133
04.05.23 16:34:24.877 IP-Info lokal 192.168.0.173(255.255.255.0) Subnetz: 192.168.0.0.
04.05.23 16:34:24.877 IP-Info Gerät 192.168.0.133(255.255.255.0) Subnetz: 192.168.0.0.
04.05.23 16:34:28.036 Gerät im gleichen Subnetz. Prüfe MAC 192.168.0.133: 
04.05.23 16:34:28.037 Ping 192.168.0.133
04.05.23 16:34:28.160 Ping Versuch 1: TimedOut Zeit: 123 ms
04.05.23 16:34:28.659 Ping Versuch 2: TimedOut Zeit: 498 ms
04.05.23 16:34:29.162 Ping Versuch 3: TimedOut Zeit: 501 ms
04.05.23 16:34:29.667 Ping Versuch 4: TimedOut Zeit: 504 ms
04.05.23 16:34:30.166 Ping Versuch 5: TimedOut Zeit: 499 ms
04.05.23 16:34:30.654 Ping Versuch 6: DestinationHostUnreachable Zeit: 486 ms
04.05.23 16:34:31.156 Ping Versuch 7: TimedOut Zeit: 501 ms
04.05.23 16:34:31.656 Ping Versuch 8: TimedOut Zeit: 499 ms
04.05.23 16:34:32.154 Ping Versuch 9: TimedOut Zeit: 497 ms
04.05.23 16:34:32.659 Ping Versuch 10: TimedOut Zeit: 505 ms
04.05.23 16:34:33.156 Ping Versuch 11: TimedOut Zeit: 496 ms
04.05.23 16:34:33.661 Ping Versuch 12: DestinationHostUnreachable Zeit: 503 ms
04.05.23 16:34:34.162 Ping Versuch 13: TimedOut Zeit: 499 ms
04.05.23 16:34:34.661 Ping Versuch 14: TimedOut Zeit: 499 ms
04.05.23 16:34:35.158 Ping Versuch 15: TimedOut Zeit: 496 ms
04.05.23 16:34:35.658 Ping Versuch 16: TimedOut Zeit: 499 ms
04.05.23 16:34:36.158 Ping Versuch 17: TimedOut Zeit: 498 ms
04.05.23 16:34:36.661 Ping Versuch 18: DestinationHostUnreachable Zeit: 503 ms
04.05.23 16:34:37.160 Ping Versuch 19: TimedOut Zeit: 497 ms
04.05.23 16:34:37.658 Ping Versuch 20: TimedOut Zeit: 497 ms
04.05.23 16:34:38.162 Ping Versuch 21: TimedOut Zeit: 502 ms
04.05.23 16:34:38.665 Ping Versuch 22: TimedOut Zeit: 502 ms
04.05.23 16:34:39.160 Ping Versuch 23: TimedOut Zeit: 494 ms
04.05.23 16:34:39.663 Ping Versuch 24: DestinationHostUnreachable Zeit: 501 ms
04.05.23 16:34:40.157 Ping Versuch 25: TimedOut Zeit: 492 ms
04.05.23 16:34:40.657 Ping Versuch 26: TimedOut Zeit: 500 ms
04.05.23 16:34:41.160 Ping Versuch 27: TimedOut Zeit: 501 ms
04.05.23 16:34:41.663 Ping Versuch 28: TimedOut Zeit: 502 ms
04.05.23 16:34:42.155 Ping Versuch 29: TimedOut Zeit: 490 ms
04.05.23 16:34:42.661 Ping Versuch 30: DestinationHostUnreachable Zeit: 505 ms
04.05.23 16:34:43.161 Ping Versuch 31: TimedOut Zeit: 500 ms
04.05.23 16:34:43.161 kein Gerät an IP 192.168.0.133 gefunden: Wartezeit 15124 ms
04.05.23 16:34:43.224 Application Exit
